actionid: py27-ansible24-unit
msg: getenv
cmdargs: ['/usr/local/lib/site_ruby/1.9.1/Rake/Gemfile/.tox/py27-ansible24-unit/bin/pip', 'install', '-rrequirements.txt', '-rtest-requirements.txt', 'ansible==2.4.4.0']

Exception:
Traceback (most recent call last):
  File "/usr/local/lib/site_ruby/1.9.1/Rake/Gemfile/.tox/py27-ansible24-unit/local/lib/python2.7/site-packages/pip/basecommand.py", line 122, in main
    status = self.run(options, args)
  File "/usr/local/lib/site_ruby/1.9.1/Rake/Gemfile/.tox/py27-ansible24-unit/local/lib/python2.7/site-packages/pip/commands/install.py", line 262, in run
    for req in parse_requirements(filename, finder=finder, options=options, session=session):
  File "/usr/local/lib/site_ruby/1.9.1/Rake/Gemfile/.tox/py27-ansible24-unit/local/lib/python2.7/site-packages/pip/req.py", line 1631, in parse_requirements
    req = InstallRequirement.from_line(line, comes_from, prereleases=getattr(options, "pre", None))
  File "/usr/local/lib/site_ruby/1.9.1/Rake/Gemfile/.tox/py27-ansible24-unit/local/lib/python2.7/site-packages/pip/req.py", line 172, in from_line
    return cls(req, comes_from, url=url, prereleases=prereleases)
  File "/usr/local/lib/site_ruby/1.9.1/Rake/Gemfile/.tox/py27-ansible24-unit/local/lib/python2.7/site-packages/pip/req.py", line 70, in __init__
    req = pkg_resources.Requirement.parse(req)
  File "/usr/local/lib/site_ruby/1.9.1/Rake/Gemfile/.tox/py27-ansible24-unit/local/lib/python2.7/site-packages/pip/_vendor/pkg_resources.py", line 2606, in parse
    reqs = list(parse_requirements(s))
  File "/usr/local/lib/site_ruby/1.9.1/Rake/Gemfile/.tox/py27-ansible24-unit/local/lib/python2.7/site-packages/pip/_vendor/pkg_resources.py", line 2532, in parse_requirements
    raise ValueError("Missing distribution spec", line)
ValueError: ('Missing distribution spec', '<<<<<<< HEAD')

Storing debug log for failure in /root/.pip/pip.log
