actionid: py27-ansible25-unit
msg: getenv
cmdargs: ['/usr/bin/python', '-m', 'virtualenv', '--python', '/usr/bin/python2.7', 'py27-ansible25-unit']

New python executable in py27-ansible25-unit/bin/python2.7
Also creating executable in py27-ansible25-unit/bin/python
Installing setuptools, pip...done.
Traceback (most recent call last):
  File "/usr/lib/python2.7/dist-packages/virtualenv.py", line 2339, in <module>
    main()
  File "/usr/lib/python2.7/dist-packages/virtualenv.py", line 825, in main
    symlink=options.symlink)
  File "/usr/lib/python2.7/dist-packages/virtualenv.py", line 993, in create_environment
    install_wheel(to_install, py_executable, search_dirs)
  File "/usr/lib/python2.7/dist-packages/virtualenv.py", line 961, in install_wheel
Running virtualenv with interpreter /usr/bin/python2.7
Traceback (most recent call last):
  File "/usr/lib/python2.7/runpy.py", line 162, in _run_module_as_main
    'PIP_NO_INDEX': '1'
  File "/usr/lib/python2.7/dist-packages/virtualenv.py", line 875, in call_subprocess
    line = stdout.readline()
KeyboardInterrupt
    "__main__", fname, loader, pkg_name)
  File "/usr/lib/python2.7/runpy.py", line 72, in _run_code
    exec code in run_globals
  File "/usr/lib/python2.7/dist-packages/virtualenv.py", line 2339, in <module>
    main()
  File "/usr/lib/python2.7/dist-packages/virtualenv.py", line 785, in main
    raise SystemExit(popen.wait())
  File "/usr/lib/python2.7/subprocess.py", line 1376, in wait
    pid, sts = _eintr_retry_call(os.waitpid, self.pid, 0)
  File "/usr/lib/python2.7/subprocess.py", line 476, in _eintr_retry_call
    return func(*args)
KeyboardInterrupt
