actionid: tox
msg: packaging
cmdargs: ['/usr/bin/python', local('/usr/local/lib/site_ruby/1.9.1/Rake/setup.py'), 'sdist', '--formats=zip', '--dist-dir', local('/usr/local/lib/site_ruby/1.9.1/Rake/.tox/dist')]

running sdist
running egg_info
writing requirements to gitdb2.egg-info/requires.txt
writing gitdb2.egg-info/PKG-INFO
writing top-level names to gitdb2.egg-info/top_level.txt
writing dependency_links to gitdb2.egg-info/dependency_links.txt
reading manifest file 'gitdb2.egg-info/SOURCES.txt'
reading manifest template 'MANIFEST.in'
warning: no files found matching 'VERSION'
warning: no files found matching 'CHANGES'
warning: no files found matching 'README'
warning: no files found matching 'gitdb/_fun.c'
warning: no files found matching 'gitdb/_delta_apply.c'
warning: no files found matching 'gitdb/_delta_apply.h'
warning: no previously-included files matching '.git*' found anywhere in distribution
warning: no previously-included files matching '*.pyc' found anywhere in distribution
warning: no previously-included files matching '*.so' found anywhere in distribution
warning: no previously-included files matching '*.dll' found anywhere in distribution
warning: no previously-included files matching '*.o' found anywhere in distribution
writing manifest file 'gitdb2.egg-info/SOURCES.txt'
running check
creating gitdb2-2.0.3
creating gitdb2-2.0.3/gitdb
creating gitdb2-2.0.3/gitdb/db
creating gitdb2-2.0.3/gitdb/test
creating gitdb2-2.0.3/gitdb/test/db
creating gitdb2-2.0.3/gitdb/test/fixtures
creating gitdb2-2.0.3/gitdb/test/fixtures/objects
creating gitdb2-2.0.3/gitdb/test/fixtures/objects/7b
creating gitdb2-2.0.3/gitdb/test/fixtures/objects/88
creating gitdb2-2.0.3/gitdb/test/fixtures/packs
creating gitdb2-2.0.3/gitdb/test/performance
creating gitdb2-2.0.3/gitdb/utils
creating gitdb2-2.0.3/gitdb2.egg-info
making hard links in gitdb2-2.0.3...
hard linking AUTHORS -> gitdb2-2.0.3
hard linking LICENSE -> gitdb2-2.0.3
hard linking MANIFEST.in -> gitdb2-2.0.3
hard linking README.rst -> gitdb2-2.0.3
hard linking setup.cfg -> gitdb2-2.0.3
hard linking setup.py -> gitdb2-2.0.3
hard linking gitdb/__init__.py -> gitdb2-2.0.3/gitdb
hard linking gitdb/base.py -> gitdb2-2.0.3/gitdb
hard linking gitdb/const.py -> gitdb2-2.0.3/gitdb
hard linking gitdb/exc.py -> gitdb2-2.0.3/gitdb
hard linking gitdb/fun.py -> gitdb2-2.0.3/gitdb
hard linking gitdb/pack.py -> gitdb2-2.0.3/gitdb
hard linking gitdb/stream.py -> gitdb2-2.0.3/gitdb
hard linking gitdb/typ.py -> gitdb2-2.0.3/gitdb
hard linking gitdb/util.py -> gitdb2-2.0.3/gitdb
hard linking gitdb/db/__init__.py -> gitdb2-2.0.3/gitdb/db
hard linking gitdb/db/base.py -> gitdb2-2.0.3/gitdb/db
hard linking gitdb/db/git.py -> gitdb2-2.0.3/gitdb/db
hard linking gitdb/db/loose.py -> gitdb2-2.0.3/gitdb/db
hard linking gitdb/db/mem.py -> gitdb2-2.0.3/gitdb/db
hard linking gitdb/db/pack.py -> gitdb2-2.0.3/gitdb/db
hard linking gitdb/db/ref.py -> gitdb2-2.0.3/gitdb/db
hard linking gitdb/test/__init__.py -> gitdb2-2.0.3/gitdb/test
hard linking gitdb/test/lib.py -> gitdb2-2.0.3/gitdb/test
hard linking gitdb/test/test_base.py -> gitdb2-2.0.3/gitdb/test
hard linking gitdb/test/test_example.py -> gitdb2-2.0.3/gitdb/test
hard linking gitdb/test/test_pack.py -> gitdb2-2.0.3/gitdb/test
hard linking gitdb/test/test_stream.py -> gitdb2-2.0.3/gitdb/test
hard linking gitdb/test/test_util.py -> gitdb2-2.0.3/gitdb/test
hard linking gitdb/test/db/__init__.py -> gitdb2-2.0.3/gitdb/test/db
hard linking gitdb/test/db/lib.py -> gitdb2-2.0.3/gitdb/test/db
hard linking gitdb/test/db/test_git.py -> gitdb2-2.0.3/gitdb/test/db
hard linking gitdb/test/db/test_loose.py -> gitdb2-2.0.3/gitdb/test/db
hard linking gitdb/test/db/test_mem.py -> gitdb2-2.0.3/gitdb/test/db
hard linking gitdb/test/db/test_pack.py -> gitdb2-2.0.3/gitdb/test/db
hard linking gitdb/test/db/test_ref.py -> gitdb2-2.0.3/gitdb/test/db
hard linking gitdb/test/fixtures/objects/7b/b839852ed5e3a069966281bb08d50012fb309b -> gitdb2-2.0.3/gitdb/test/fixtures/objects/7b
hard linking gitdb/test/fixtures/objects/88/8401851f15db0eed60eb1bc29dec5ddcace911 -> gitdb2-2.0.3/gitdb/test/fixtures/objects/88
hard linking gitdb/test/fixtures/packs/pack-11fdfa9e156ab73caae3b6da867192221f2089c2.idx -> gitdb2-2.0.3/gitdb/test/fixtures/packs
hard linking gitdb/test/fixtures/packs/pack-11fdfa9e156ab73caae3b6da867192221f2089c2.pack -> gitdb2-2.0.3/gitdb/test/fixtures/packs
hard linking gitdb/test/fixtures/packs/pack-a2bf8e71d8c18879e499335762dd95119d93d9f1.idx -> gitdb2-2.0.3/gitdb/test/fixtures/packs
hard linking gitdb/test/fixtures/packs/pack-a2bf8e71d8c18879e499335762dd95119d93d9f1.pack -> gitdb2-2.0.3/gitdb/test/fixtures/packs
hard linking gitdb/test/fixtures/packs/pack-c0438c19fb16422b6bbcce24387b3264416d485b.idx -> gitdb2-2.0.3/gitdb/test/fixtures/packs
hard linking gitdb/test/fixtures/packs/pack-c0438c19fb16422b6bbcce24387b3264416d485b.pack -> gitdb2-2.0.3/gitdb/test/fixtures/packs
hard linking gitdb/test/performance/__init__.py -> gitdb2-2.0.3/gitdb/test/performance
hard linking gitdb/test/performance/lib.py -> gitdb2-2.0.3/gitdb/test/performance
hard linking gitdb/test/performance/test_pack.py -> gitdb2-2.0.3/gitdb/test/performance
hard linking gitdb/test/performance/test_pack_streaming.py -> gitdb2-2.0.3/gitdb/test/performance
hard linking gitdb/test/performance/test_stream.py -> gitdb2-2.0.3/gitdb/test/performance
hard linking gitdb/utils/__init__.py -> gitdb2-2.0.3/gitdb/utils
hard linking gitdb/utils/compat.py -> gitdb2-2.0.3/gitdb/utils
hard linking gitdb/utils/encoding.py -> gitdb2-2.0.3/gitdb/utils
hard linking gitdb2.egg-info/PKG-INFO -> gitdb2-2.0.3/gitdb2.egg-info
hard linking gitdb2.egg-info/SOURCES.txt -> gitdb2-2.0.3/gitdb2.egg-info
hard linking gitdb2.egg-info/dependency_links.txt -> gitdb2-2.0.3/gitdb2.egg-info
hard linking gitdb2.egg-info/not-zip-safe -> gitdb2-2.0.3/gitdb2.egg-info
hard linking gitdb2.egg-info/requires.txt -> gitdb2-2.0.3/gitdb2.egg-info
hard linking gitdb2.egg-info/top_level.txt -> gitdb2-2.0.3/gitdb2.egg-info
copying setup.cfg -> gitdb2-2.0.3
Writing gitdb2-2.0.3/setup.cfg
creating '.tox/dist/gitdb2-2.0.3.zip' and adding 'gitdb2-2.0.3' to it
adding 'gitdb2-2.0.3/LICENSE'
adding 'gitdb2-2.0.3/PKG-INFO'
adding 'gitdb2-2.0.3/README.rst'
adding 'gitdb2-2.0.3/setup.py'
adding 'gitdb2-2.0.3/setup.cfg'
adding 'gitdb2-2.0.3/AUTHORS'
adding 'gitdb2-2.0.3/MANIFEST.in'
adding 'gitdb2-2.0.3/gitdb2.egg-info/top_level.txt'
adding 'gitdb2-2.0.3/gitdb2.egg-info/SOURCES.txt'
adding 'gitdb2-2.0.3/gitdb2.egg-info/PKG-INFO'
adding 'gitdb2-2.0.3/gitdb2.egg-info/not-zip-safe'
adding 'gitdb2-2.0.3/gitdb2.egg-info/requires.txt'
adding 'gitdb2-2.0.3/gitdb2.egg-info/dependency_links.txt'
adding 'gitdb2-2.0.3/gitdb/base.py'
adding 'gitdb2-2.0.3/gitdb/typ.py'
adding 'gitdb2-2.0.3/gitdb/pack.py'
adding 'gitdb2-2.0.3/gitdb/exc.py'
adding 'gitdb2-2.0.3/gitdb/util.py'
adding 'gitdb2-2.0.3/gitdb/fun.py'
adding 'gitdb2-2.0.3/gitdb/__init__.py'
adding 'gitdb2-2.0.3/gitdb/const.py'
adding 'gitdb2-2.0.3/gitdb/stream.py'
adding 'gitdb2-2.0.3/gitdb/utils/compat.py'
adding 'gitdb2-2.0.3/gitdb/utils/__init__.py'
adding 'gitdb2-2.0.3/gitdb/utils/encoding.py'
adding 'gitdb2-2.0.3/gitdb/test/test_util.py'
adding 'gitdb2-2.0.3/gitdb/test/test_example.py'
adding 'gitdb2-2.0.3/gitdb/test/test_pack.py'
adding 'gitdb2-2.0.3/gitdb/test/__init__.py'
adding 'gitdb2-2.0.3/gitdb/test/lib.py'
adding 'gitdb2-2.0.3/gitdb/test/test_base.py'
adding 'gitdb2-2.0.3/gitdb/test/test_stream.py'
adding 'gitdb2-2.0.3/gitdb/test/performance/test_pack_streaming.py'
adding 'gitdb2-2.0.3/gitdb/test/performance/test_pack.py'
adding 'gitdb2-2.0.3/gitdb/test/performance/__init__.py'
adding 'gitdb2-2.0.3/gitdb/test/performance/lib.py'
adding 'gitdb2-2.0.3/gitdb/test/performance/test_stream.py'
adding 'gitdb2-2.0.3/gitdb/test/db/test_mem.py'
adding 'gitdb2-2.0.3/gitdb/test/db/test_ref.py'
adding 'gitdb2-2.0.3/gitdb/test/db/test_loose.py'
adding 'gitdb2-2.0.3/gitdb/test/db/test_pack.py'
adding 'gitdb2-2.0.3/gitdb/test/db/__init__.py'
adding 'gitdb2-2.0.3/gitdb/test/db/lib.py'
adding 'gitdb2-2.0.3/gitdb/test/db/test_git.py'
adding 'gitdb2-2.0.3/gitdb/test/fixtures/objects/88/8401851f15db0eed60eb1bc29dec5ddcace911'
adding 'gitdb2-2.0.3/gitdb/test/fixtures/objects/7b/b839852ed5e3a069966281bb08d50012fb309b'
adding 'gitdb2-2.0.3/gitdb/test/fixtures/packs/pack-a2bf8e71d8c18879e499335762dd95119d93d9f1.idx'
adding 'gitdb2-2.0.3/gitdb/test/fixtures/packs/pack-11fdfa9e156ab73caae3b6da867192221f2089c2.idx'
adding 'gitdb2-2.0.3/gitdb/test/fixtures/packs/pack-a2bf8e71d8c18879e499335762dd95119d93d9f1.pack'
adding 'gitdb2-2.0.3/gitdb/test/fixtures/packs/pack-c0438c19fb16422b6bbcce24387b3264416d485b.pack'
adding 'gitdb2-2.0.3/gitdb/test/fixtures/packs/pack-c0438c19fb16422b6bbcce24387b3264416d485b.idx'
adding 'gitdb2-2.0.3/gitdb/test/fixtures/packs/pack-11fdfa9e156ab73caae3b6da867192221f2089c2.pack'
adding 'gitdb2-2.0.3/gitdb/db/base.py'
adding 'gitdb2-2.0.3/gitdb/db/ref.py'
adding 'gitdb2-2.0.3/gitdb/db/git.py'
adding 'gitdb2-2.0.3/gitdb/db/pack.py'
adding 'gitdb2-2.0.3/gitdb/db/mem.py'
adding 'gitdb2-2.0.3/gitdb/db/__init__.py'
adding 'gitdb2-2.0.3/gitdb/db/loose.py'
removing 'gitdb2-2.0.3' (and everything under it)
